<?xml version="1.0" encoding="UTF-8"?>
<testng-results skipped="0" failed="0" total="2" passed="2">
  <reporter-output>
  </reporter-output>
  <suite name="Default suite" duration-ms="16540" started-at="2020-08-18T05:46:38Z" finished-at="2020-08-18T05:46:55Z">
    <groups>
    </groups>
    <test name="Default test" duration-ms="16540" started-at="2020-08-18T05:46:38Z" finished-at="2020-08-18T05:46:55Z">
      <class name="crm123test.mytestdemo">
        <test-method status="PASS" signature="startupclass()[pri:0, instance:crm123test.mytestdemo@2f686d1f]" name="startupclass" is-config="true" duration-ms="454" started-at="2020-08-18T11:16:38Z" finished-at="2020-08-18T11:16:38Z">
          <reporter-output>
          </reporter-output>
        </test-method> <!-- startupclass -->
        <test-method status="PASS" signature="start()[pri:0, instance:crm123test.mytestdemo@2f686d1f]" name="start" is-config="true" duration-ms="7002" started-at="2020-08-18T11:16:38Z" finished-at="2020-08-18T11:16:45Z">
          <reporter-output>
          </reporter-output>
        </test-method> <!-- start -->
        <test-method status="PASS" signature="nicktest()[pri:0, instance:crm123test.mytestdemo@2f686d1f]" name="nicktest" duration-ms="988" started-at="2020-08-18T11:16:45Z" finished-at="2020-08-18T11:16:46Z">
          <reporter-output>
          </reporter-output>
        </test-method> <!-- nicktest -->
        <test-method status="PASS" signature="teardown()[pri:0, instance:crm123test.mytestdemo@2f686d1f]" name="teardown" is-config="true" duration-ms="1341" started-at="2020-08-18T11:16:46Z" finished-at="2020-08-18T11:16:48Z">
          <reporter-output>
          </reporter-output>
        </test-method> <!-- teardown -->
        <test-method status="PASS" signature="start()[pri:0, instance:crm123test.mytestdemo@2f686d1f]" name="start" is-config="true" duration-ms="5915" started-at="2020-08-18T11:16:48Z" finished-at="2020-08-18T11:16:54Z">
          <reporter-output>
          </reporter-output>
        </test-method> <!-- start -->
        <test-method status="PASS" signature="nicktest1()[pri:0, instance:crm123test.mytestdemo@2f686d1f]" name="nicktest1" duration-ms="4" started-at="2020-08-18T11:16:54Z" finished-at="2020-08-18T11:16:54Z">
          <reporter-output>
          </reporter-output>
        </test-method> <!-- nicktest1 -->
        <test-method status="PASS" signature="teardown()[pri:0, instance:crm123test.mytestdemo@2f686d1f]" name="teardown" is-config="true" duration-ms="1265" started-at="2020-08-18T11:16:54Z" finished-at="2020-08-18T11:16:55Z">
          <reporter-output>
          </reporter-output>
        </test-method> <!-- teardown -->
        <test-method status="PASS" signature="closetest()[pri:0, instance:crm123test.mytestdemo@2f686d1f]" name="closetest" is-config="true" duration-ms="538" started-at="2020-08-18T11:16:55Z" finished-at="2020-08-18T11:16:56Z">
          <reporter-output>
          </reporter-output>
        </test-method> <!-- closetest -->
      </class> <!-- crm123test.mytestdemo -->
    </test> <!-- Default test -->
  </suite> <!-- Default suite -->
</testng-results>
